2026-01-16 02:06:32 TEST
2026-01-16 02:07:23 CURL ERROR: Unknown SSL protocol error in connection to nonfimbriated-norris-first.ngrok-free.dev:443 
2026-01-16 02:23:39 TEST
2026-01-16 02:24:30 CURL ERROR: Unknown SSL protocol error in connection to nonfimbriated-norris-first.ngrok-free.dev:443 
2026-01-16 02:58:50 TEST
2026-01-16 02:59:31 CURL ERROR: Unknown SSL protocol error in connection to nonfimbriated-norris-first.ngrok-free.dev:443 
2026-01-16 03:01:23 TEST
2026-02-19 03:43:33 HTTP 400: personnelNo=000-279 start=0 max=1000 body=400 Bad Request
2026-02-19 03:43:33 HTTP 400: personnelNo=000-287 start=0 max=1000 body=400 Bad Request
2026-02-19 03:43:34 HTTP 400: personnelNo=000-463 start=0 max=1000 body=400 Bad Request
2026-02-19 03:43:34 HTTP 400: personnelNo=000-012 start=0 max=1000 body=400 Bad Request
2026-02-19 03:43:36 HTTP 400: personnelNo=000-165 start=0 max=1000 body=400 Bad Request
2026-02-19 03:43:36 HTTP 400: personnelNo=000-170 start=0 max=1000 body=400 Bad Request
2026-02-19 03:43:36 HTTP 400: personnelNo=000-210 start=0 max=1000 body=400 Bad Request
2026-02-19 03:43:37 HTTP 400: personnelNo=000-216 start=0 max=1000 body=400 Bad Request
2026-02-19 03:43:37 HTTP 400: personnelNo=000-247 start=0 max=1000 body=400 Bad Request
2026-02-19 03:43:38 HTTP 400: personnelNo=000-248 start=0 max=1000 body=400 Bad Request
2026-02-19 03:43:38 HTTP 400: personnelNo=000-259 start=0 max=1000 body=400 Bad Request
2026-02-19 03:43:39 HTTP 400: personnelNo=000-264 start=0 max=1000 body=400 Bad Request
2026-02-19 03:43:39 HTTP 400: personnelNo=000-277 start=0 max=1000 body=400 Bad Request
2026-02-19 03:43:39 HTTP 400: personnelNo=000-286 start=0 max=1000 body=400 Bad Request
2026-02-19 03:43:41 HTTP 400: personnelNo=000-288 start=0 max=1000 body=400 Bad Request
2026-02-19 03:43:42 HTTP 400: personnelNo=000-289 start=0 max=1000 body=400 Bad Request
2026-02-19 03:43:42 HTTP 400: personnelNo=000-294 start=0 max=1000 body=400 Bad Request
2026-02-19 03:43:42 HTTP 400: personnelNo=000-314 start=0 max=1000 body=400 Bad Request
2026-02-19 03:43:43 HTTP 400: personnelNo=000-321 start=0 max=1000 body=400 Bad Request
2026-02-19 03:43:43 HTTP 400: personnelNo=000-322 start=0 max=1000 body=400 Bad Request
2026-02-19 03:43:44 HTTP 400: personnelNo=000-324 start=0 max=1000 body=400 Bad Request
2026-02-19 03:43:45 HTTP 400: personnelNo=000-335 start=0 max=1000 body=400 Bad Request
2026-02-19 03:43:47 HTTP 400: personnelNo=000-346 start=0 max=1000 body=400 Bad Request
2026-02-19 03:43:48 HTTP 400: personnelNo=000-348 start=0 max=1000 body=400 Bad Request
2026-02-19 03:43:49 HTTP 400: personnelNo=000-350 start=0 max=1000 body=400 Bad Request
2026-02-19 03:43:50 HTTP 400: personnelNo=000-352 start=0 max=1000 body=400 Bad Request
2026-02-19 03:43:51 HTTP 400: personnelNo=000-369 start=0 max=1000 body=400 Bad Request
2026-02-19 03:43:51 HTTP 400: personnelNo=000-370 start=0 max=1000 body=400 Bad Request
2026-02-19 03:43:52 HTTP 400: personnelNo=000-376 start=0 max=1000 body=400 Bad Request
2026-02-19 03:43:52 HTTP 400: personnelNo=000-377 start=0 max=1000 body=400 Bad Request
2026-02-19 03:43:53 HTTP 400: personnelNo=000-378 start=0 max=1000 body=400 Bad Request
2026-02-19 03:43:54 HTTP 400: personnelNo=000-381 start=0 max=1000 body=400 Bad Request
2026-02-19 03:43:54 HTTP 400: personnelNo=000-383 start=0 max=1000 body=400 Bad Request
2026-02-19 03:43:55 HTTP 400: personnelNo=000-386 start=0 max=1000 body=400 Bad Request
2026-02-19 03:43:55 HTTP 400: personnelNo=000-388 start=0 max=1000 body=400 Bad Request
2026-02-19 03:43:57 HTTP 400: personnelNo=000-393 start=0 max=1000 body=400 Bad Request
2026-02-19 03:43:57 HTTP 400: personnelNo=000-394 start=0 max=1000 body=400 Bad Request
2026-02-19 03:43:58 HTTP 400: personnelNo=000-397 start=0 max=1000 body=400 Bad Request
2026-02-19 03:43:59 HTTP 400: personnelNo=000-398 start=0 max=1000 body=400 Bad Request
2026-02-19 03:43:59 HTTP 400: personnelNo=000-405 start=0 max=1000 body=400 Bad Request
2026-02-19 03:44:00 HTTP 400: personnelNo=000-406 start=0 max=1000 body=400 Bad Request
2026-02-19 03:44:00 HTTP 400: personnelNo=000-409 start=0 max=1000 body=400 Bad Request
2026-02-19 03:44:02 HTTP 400: personnelNo=000-410 start=0 max=1000 body=400 Bad Request
2026-02-19 03:44:02 HTTP 400: personnelNo=000-412 start=0 max=1000 body=400 Bad Request
2026-02-19 03:44:03 HTTP 400: personnelNo=000-413 start=0 max=1000 body=400 Bad Request
2026-02-19 03:44:05 HTTP 400: personnelNo=000-414 start=0 max=1000 body=400 Bad Request
2026-02-19 03:44:06 HTTP 400: personnelNo=000-415 start=0 max=1000 body=400 Bad Request
2026-02-19 03:44:07 HTTP 400: personnelNo=000-417 start=0 max=1000 body=400 Bad Request
2026-02-19 03:44:07 HTTP 400: personnelNo=000-418 start=0 max=1000 body=400 Bad Request
2026-02-19 03:44:08 HTTP 400: personnelNo=000-420 start=0 max=1000 body=400 Bad Request
2026-02-19 03:44:08 HTTP 400: personnelNo=000-421 start=0 max=1000 body=400 Bad Request
2026-02-19 03:44:09 HTTP 400: personnelNo=000-423 start=0 max=1000 body=400 Bad Request
2026-02-19 03:44:09 HTTP 400: personnelNo=000-424 start=0 max=1000 body=400 Bad Request
2026-02-19 03:44:10 HTTP 400: personnelNo=000-425 start=0 max=1000 body=400 Bad Request
2026-02-19 03:44:10 HTTP 400: personnelNo=000-427 start=0 max=1000 body=400 Bad Request
2026-02-19 03:44:10 HTTP 400: personnelNo=000-430 start=0 max=1000 body=400 Bad Request
2026-02-19 03:44:13 HTTP 400: personnelNo=000-434 start=0 max=1000 body=400 Bad Request
2026-02-19 03:44:13 HTTP 400: personnelNo=000-437 start=0 max=1000 body=400 Bad Request
2026-02-19 03:44:14 HTTP 400: personnelNo=000-440 start=0 max=1000 body=400 Bad Request
2026-02-19 03:44:14 HTTP 400: personnelNo=000-441 start=0 max=1000 body=400 Bad Request
2026-02-19 03:44:15 HTTP 400: personnelNo=000-442 start=0 max=1000 body=400 Bad Request
2026-02-19 03:44:15 HTTP 400: personnelNo=000-443 start=0 max=1000 body=400 Bad Request
2026-02-19 03:44:16 HTTP 400: personnelNo=000-446 start=0 max=1000 body=400 Bad Request
2026-02-19 03:44:17 HTTP 400: personnelNo=000-448 start=0 max=1000 body=400 Bad Request
2026-02-19 03:44:18 HTTP 400: personnelNo=000-449 start=0 max=1000 body=400 Bad Request
2026-02-19 03:44:19 HTTP 400: personnelNo=000-450 start=0 max=1000 body=400 Bad Request
2026-02-19 03:44:19 HTTP 400: personnelNo=000-451 start=0 max=1000 body=400 Bad Request
2026-02-19 03:44:19 HTTP 400: personnelNo=000-454 start=0 max=1000 body=400 Bad Request
2026-02-19 03:44:20 HTTP 400: personnelNo=000-455 start=0 max=1000 body=400 Bad Request
2026-02-19 03:44:20 HTTP 400: personnelNo=000-456 start=0 max=1000 body=400 Bad Request
2026-02-19 03:44:21 HTTP 400: personnelNo=000-457 start=0 max=1000 body=400 Bad Request
2026-02-19 03:44:21 HTTP 400: personnelNo=000-458 start=0 max=1000 body=400 Bad Request
2026-02-19 03:44:22 HTTP 400: personnelNo=000-461 start=0 max=1000 body=400 Bad Request
2026-02-19 03:44:22 HTTP 400: personnelNo=000-462 start=0 max=1000 body=400 Bad Request
2026-02-19 03:44:23 HTTP 400: personnelNo=000-464 start=0 max=1000 body=400 Bad Request
2026-02-19 03:44:25 HTTP 400: personnelNo=000-465 start=0 max=1000 body=400 Bad Request
2026-02-19 03:44:27 HTTP 400: personnelNo=000-466 start=0 max=1000 body=400 Bad Request
2026-02-19 03:44:28 HTTP 400: personnelNo=000-467 start=0 max=1000 body=400 Bad Request
2026-02-19 03:44:28 HTTP 400: personnelNo=000-469 start=0 max=1000 body=400 Bad Request
2026-02-19 03:44:29 HTTP 400: personnelNo=000-470 start=0 max=1000 body=400 Bad Request
2026-02-19 03:44:29 HTTP 400: personnelNo=000-471 start=0 max=1000 body=400 Bad Request
2026-02-19 03:44:29 HTTP 400: personnelNo=000-474 start=0 max=1000 body=400 Bad Request
2026-02-19 03:44:30 HTTP 400: personnelNo=000-475 start=0 max=1000 body=400 Bad Request
2026-02-19 03:44:30 HTTP 400: personnelNo=000-476 start=0 max=1000 body=400 Bad Request
2026-02-19 03:44:31 HTTP 400: personnelNo=000-477 start=0 max=1000 body=400 Bad Request
2026-02-19 03:44:31 HTTP 400: personnelNo=000-481 start=0 max=1000 body=400 Bad Request
2026-02-19 03:44:31 HTTP 400: personnelNo=000-485 start=0 max=1000 body=400 Bad Request
2026-02-19 03:44:32 HTTP 400: personnelNo=000-488 start=0 max=1000 body=400 Bad Request
2026-02-19 03:44:32 HTTP 400: personnelNo=000-492 start=0 max=1000 body=400 Bad Request
2026-02-19 03:44:33 HTTP 400: personnelNo=000-493 start=0 max=1000 body=400 Bad Request
2026-02-19 03:44:34 HTTP 400: personnelNo=000-494 start=0 max=1000 body=400 Bad Request
2026-02-19 03:44:35 HTTP 400: personnelNo=000-495 start=0 max=1000 body=400 Bad Request
2026-02-19 03:44:35 HTTP 400: personnelNo=000-496 start=0 max=1000 body=400 Bad Request
2026-02-19 03:44:35 HTTP 400: personnelNo=000-497 start=0 max=1000 body=400 Bad Request
2026-02-19 03:44:36 HTTP 400: personnelNo=000-498 start=0 max=1000 body=400 Bad Request
2026-02-19 03:44:37 HTTP 400: personnelNo=000-504 start=0 max=1000 body=400 Bad Request
2026-02-19 03:44:37 HTTP 400: personnelNo=000-505 start=0 max=1000 body=400 Bad Request
2026-02-19 03:44:38 HTTP 400: personnelNo=000-508 start=0 max=1000 body=400 Bad Request
2026-02-19 03:44:38 HTTP 400: personnelNo=000-509 start=0 max=1000 body=400 Bad Request
2026-02-19 03:44:38 HTTP 400: personnelNo=000-511 start=0 max=1000 body=400 Bad Request
2026-02-19 03:44:39 HTTP 400: personnelNo=000-520 start=0 max=1000 body=400 Bad Request
2026-02-19 03:44:40 HTTP 400: personnelNo=000-522 start=0 max=1000 body=400 Bad Request
2026-02-19 03:44:40 HTTP 400: personnelNo=000-524 start=0 max=1000 body=400 Bad Request
2026-02-19 03:44:41 HTTP 400: personnelNo=000-525 start=0 max=1000 body=400 Bad Request
2026-02-19 03:44:41 HTTP 400: personnelNo=000-526 start=0 max=1000 body=400 Bad Request
2026-02-19 03:44:44 HTTP 400: personnelNo=000-529 start=0 max=1000 body=400 Bad Request
2026-02-19 03:44:44 HTTP 400: personnelNo=000-530 start=0 max=1000 body=400 Bad Request
2026-02-19 03:44:45 HTTP 400: personnelNo=000-532 start=0 max=1000 body=400 Bad Request
2026-02-19 03:44:45 HTTP 400: personnelNo=000-536 start=0 max=1000 body=400 Bad Request
2026-02-19 03:44:46 HTTP 400: personnelNo=000-538 start=0 max=1000 body=400 Bad Request
2026-02-19 03:44:46 HTTP 400: personnelNo=000-539 start=0 max=1000 body=400 Bad Request
2026-02-19 03:44:46 HTTP 400: personnelNo=000-540 start=0 max=1000 body=400 Bad Request
2026-02-19 03:44:48 HTTP 400: personnelNo=000-541 start=0 max=1000 body=400 Bad Request
2026-02-19 03:44:48 HTTP 400: personnelNo=000-542 start=0 max=1000 body=400 Bad Request
2026-02-19 03:44:49 HTTP 400: personnelNo=000-543 start=0 max=1000 body=400 Bad Request
2026-02-19 03:44:49 HTTP 400: personnelNo=000-544 start=0 max=1000 body=400 Bad Request
2026-02-19 03:44:49 HTTP 400: personnelNo=000-550 start=0 max=1000 body=400 Bad Request
2026-02-19 03:44:50 HTTP 400: personnelNo=000-553 start=0 max=1000 body=400 Bad Request
2026-02-19 03:44:50 HTTP 400: personnelNo=000-547 start=0 max=1000 body=400 Bad Request
2026-02-19 03:44:52 HTTP 400: personnelNo=000-549 start=0 max=1000 body=400 Bad Request
2026-02-19 03:44:52 HTTP 400: personnelNo=000-000 start=0 max=1000 body=400 Bad Request
2026-02-19 03:44:52 HTTP 400: personnelNo=000-357 start=0 max=1000 body=400 Bad Request
2026-02-19 03:44:53 HTTP 400: personnelNo=000-358 start=0 max=1000 body=400 Bad Request
2026-02-19 03:48:56 TEST
2026-02-19 03:48:57 HTTP 400: personnelNo=000-236 start=0 max=1000 body=400 Bad Request
2026-02-19 03:48:58 HTTP 400: personnelNo=000-136 start=0 max=1000 body=400 Bad Request
2026-02-19 03:49:00 HTTP 400: personnelNo=000-138 start=0 max=1000 body=400 Bad Request
2026-02-19 03:49:01 HTTP 400: personnelNo=000-151 start=0 max=1000 body=400 Bad Request
2026-02-19 03:49:02 HTTP 400: personnelNo=000-149 start=0 max=1000 body=400 Bad Request
2026-02-19 03:49:02 HTTP 400: personnelNo=000-276 start=0 max=1000 body=400 Bad Request
2026-02-19 03:49:03 HTTP 400: personnelNo=000-313 start=0 max=1000 body=400 Bad Request
2026-02-19 03:49:03 HTTP 400: personnelNo=000-330 start=0 max=1000 body=400 Bad Request
2026-02-19 03:49:04 HTTP 400: personnelNo=000-257 start=0 max=1000 body=400 Bad Request
2026-02-19 03:49:05 HTTP 400: personnelNo=000-366 start=0 max=1000 body=400 Bad Request
2026-02-19 03:49:06 HTTP 400: personnelNo=000-385 start=0 max=1000 body=400 Bad Request
2026-02-19 03:49:06 HTTP 400: personnelNo=000-389 start=0 max=1000 body=400 Bad Request
2026-02-19 03:49:07 HTTP 400: personnelNo=000-396 start=0 max=1000 body=400 Bad Request
2026-02-19 03:49:08 HTTP 400: personnelNo=000-390 start=0 max=1000 body=400 Bad Request
2026-02-19 03:49:08 HTTP 400: personnelNo=000-361 start=0 max=1000 body=400 Bad Request
2026-02-19 03:49:10 HTTP 400: personnelNo=000-401 start=0 max=1000 body=400 Bad Request
2026-02-19 03:49:10 HTTP 400: personnelNo=000-299 start=0 max=1000 body=400 Bad Request
2026-02-19 03:49:10 HTTP 400: personnelNo=000-356 start=0 max=1000 body=400 Bad Request
2026-02-19 03:49:12 HTTP 400: personnelNo=000-379 start=0 max=1000 body=400 Bad Request
2026-02-19 03:49:12 HTTP 400: personnelNo=000-292 start=0 max=1000 body=400 Bad Request
2026-02-19 03:49:14 HTTP 400: personnelNo=000-244 start=0 max=1000 body=400 Bad Request
2026-02-19 03:49:15 HTTP 400: personnelNo=000-392 start=0 max=1000 body=400 Bad Request
2026-02-19 03:49:16 HTTP 400: personnelNo=000-433 start=0 max=1000 body=400 Bad Request
2026-02-19 03:49:17 HTTP 400: personnelNo=000-340 start=0 max=1000 body=400 Bad Request
2026-02-19 03:49:18 HTTP 400: personnelNo=000-273 start=0 max=1000 body=400 Bad Request
2026-02-19 03:49:18 HTTP 400: personnelNo=000-252 start=0 max=1000 body=400 Bad Request
2026-02-19 03:49:18 HTTP 400: personnelNo=000-295 start=0 max=1000 body=400 Bad Request
2026-02-19 03:49:19 HTTP 400: personnelNo=000-279 start=0 max=1000 body=400 Bad Request
2026-02-19 03:49:20 HTTP 400: personnelNo=000-287 start=0 max=1000 body=400 Bad Request
2026-02-19 03:49:21 HTTP 400: personnelNo=000-463 start=0 max=1000 body=400 Bad Request
2026-02-19 03:49:22 HTTP 400: personnelNo=000-012 start=0 max=1000 body=400 Bad Request
2026-02-19 03:49:22 HTTP 400: personnelNo=000-165 start=0 max=1000 body=400 Bad Request
2026-02-19 03:49:23 HTTP 400: personnelNo=000-170 start=0 max=1000 body=400 Bad Request
2026-02-19 03:49:24 HTTP 400: personnelNo=000-210 start=0 max=1000 body=400 Bad Request
2026-02-19 03:49:25 HTTP 400: personnelNo=000-216 start=0 max=1000 body=400 Bad Request
2026-02-19 03:49:25 HTTP 400: personnelNo=000-247 start=0 max=1000 body=400 Bad Request
2026-02-19 03:49:25 HTTP 400: personnelNo=000-248 start=0 max=1000 body=400 Bad Request
2026-02-19 03:49:26 HTTP 400: personnelNo=000-259 start=0 max=1000 body=400 Bad Request
2026-02-19 03:49:27 HTTP 400: personnelNo=000-264 start=0 max=1000 body=400 Bad Request
2026-02-19 03:49:27 HTTP 400: personnelNo=000-277 start=0 max=1000 body=400 Bad Request
2026-02-19 03:49:27 HTTP 400: personnelNo=000-286 start=0 max=1000 body=400 Bad Request
2026-02-19 03:49:28 HTTP 400: personnelNo=000-288 start=0 max=1000 body=400 Bad Request
2026-02-19 03:49:29 HTTP 400: personnelNo=000-289 start=0 max=1000 body=400 Bad Request
2026-02-19 03:49:30 HTTP 400: personnelNo=000-294 start=0 max=1000 body=400 Bad Request
2026-02-19 03:49:31 HTTP 400: personnelNo=000-314 start=0 max=1000 body=400 Bad Request
2026-02-19 03:49:33 HTTP 400: personnelNo=000-321 start=0 max=1000 body=400 Bad Request
2026-02-19 03:49:35 HTTP 400: personnelNo=000-322 start=0 max=1000 body=400 Bad Request
2026-02-19 03:49:35 HTTP 400: personnelNo=000-324 start=0 max=1000 body=400 Bad Request
2026-02-19 03:49:37 HTTP 400: personnelNo=000-335 start=0 max=1000 body=400 Bad Request
2026-02-19 03:49:37 HTTP 400: personnelNo=000-346 start=0 max=1000 body=400 Bad Request
2026-02-19 03:49:38 HTTP 400: personnelNo=000-348 start=0 max=1000 body=400 Bad Request
2026-02-19 03:49:39 HTTP 400: personnelNo=000-350 start=0 max=1000 body=400 Bad Request
2026-02-19 03:49:39 HTTP 400: personnelNo=000-352 start=0 max=1000 body=400 Bad Request
2026-02-19 03:49:40 HTTP 400: personnelNo=000-369 start=0 max=1000 body=400 Bad Request
2026-02-19 03:49:40 HTTP 400: personnelNo=000-370 start=0 max=1000 body=400 Bad Request
2026-02-19 03:49:40 HTTP 400: personnelNo=000-376 start=0 max=1000 body=400 Bad Request
2026-02-19 03:49:42 HTTP 400: personnelNo=000-377 start=0 max=1000 body=400 Bad Request
2026-02-19 03:49:42 HTTP 400: personnelNo=000-378 start=0 max=1000 body=400 Bad Request
2026-02-19 03:49:42 HTTP 400: personnelNo=000-381 start=0 max=1000 body=400 Bad Request
2026-02-19 03:49:43 HTTP 400: personnelNo=000-383 start=0 max=1000 body=400 Bad Request
2026-02-19 03:49:43 HTTP 400: personnelNo=000-386 start=0 max=1000 body=400 Bad Request
2026-02-19 03:49:44 HTTP 400: personnelNo=000-388 start=0 max=1000 body=400 Bad Request
2026-02-19 03:49:44 HTTP 400: personnelNo=000-393 start=0 max=1000 body=400 Bad Request
2026-02-19 03:49:45 HTTP 400: personnelNo=000-394 start=0 max=1000 body=400 Bad Request
2026-02-19 03:49:46 HTTP 400: personnelNo=000-397 start=0 max=1000 body=400 Bad Request
2026-02-19 03:49:47 HTTP 400: personnelNo=000-398 start=0 max=1000 body=400 Bad Request
2026-02-19 03:49:47 HTTP 400: personnelNo=000-405 start=0 max=1000 body=400 Bad Request
2026-02-19 03:49:47 HTTP 400: personnelNo=000-406 start=0 max=1000 body=400 Bad Request
2026-02-19 03:49:48 HTTP 400: personnelNo=000-409 start=0 max=1000 body=400 Bad Request
2026-02-19 03:49:48 HTTP 400: personnelNo=000-410 start=0 max=1000 body=400 Bad Request
2026-02-19 03:49:49 HTTP 400: personnelNo=000-412 start=0 max=1000 body=400 Bad Request
2026-02-19 03:49:49 HTTP 400: personnelNo=000-413 start=0 max=1000 body=400 Bad Request
2026-02-19 03:49:50 HTTP 400: personnelNo=000-414 start=0 max=1000 body=400 Bad Request
2026-02-19 03:49:50 HTTP 400: personnelNo=000-415 start=0 max=1000 body=400 Bad Request
2026-02-19 03:49:50 HTTP 400: personnelNo=000-417 start=0 max=1000 body=400 Bad Request
2026-02-19 03:49:51 HTTP 400: personnelNo=000-418 start=0 max=1000 body=400 Bad Request
2026-02-19 03:49:52 HTTP 400: personnelNo=000-420 start=0 max=1000 body=400 Bad Request
2026-02-19 03:49:52 HTTP 400: personnelNo=000-421 start=0 max=1000 body=400 Bad Request
2026-02-19 03:49:53 HTTP 400: personnelNo=000-423 start=0 max=1000 body=400 Bad Request
2026-02-19 03:49:54 HTTP 400: personnelNo=000-424 start=0 max=1000 body=400 Bad Request
2026-02-19 03:49:55 HTTP 400: personnelNo=000-425 start=0 max=1000 body=400 Bad Request
2026-02-19 03:49:55 HTTP 400: personnelNo=000-427 start=0 max=1000 body=400 Bad Request
2026-02-19 03:49:55 HTTP 400: personnelNo=000-430 start=0 max=1000 body=400 Bad Request
2026-02-19 03:49:56 HTTP 400: personnelNo=000-434 start=0 max=1000 body=400 Bad Request
2026-02-19 03:49:56 HTTP 400: personnelNo=000-437 start=0 max=1000 body=400 Bad Request
2026-02-19 03:49:56 HTTP 400: personnelNo=000-440 start=0 max=1000 body=400 Bad Request
2026-02-19 03:49:58 HTTP 400: personnelNo=000-441 start=0 max=1000 body=400 Bad Request
2026-02-19 03:49:58 HTTP 400: personnelNo=000-442 start=0 max=1000 body=400 Bad Request
2026-02-19 03:49:59 HTTP 400: personnelNo=000-443 start=0 max=1000 body=400 Bad Request
2026-02-19 03:50:00 HTTP 400: personnelNo=000-446 start=0 max=1000 body=400 Bad Request
2026-02-19 03:50:01 HTTP 400: personnelNo=000-448 start=0 max=1000 body=400 Bad Request
2026-02-19 03:50:01 HTTP 400: personnelNo=000-449 start=0 max=1000 body=400 Bad Request
2026-02-19 03:50:02 HTTP 400: personnelNo=000-450 start=0 max=1000 body=400 Bad Request
2026-02-19 03:50:02 HTTP 400: personnelNo=000-451 start=0 max=1000 body=400 Bad Request
2026-02-19 03:50:05 HTTP 400: personnelNo=000-454 start=0 max=1000 body=400 Bad Request
2026-02-19 03:50:06 HTTP 400: personnelNo=000-455 start=0 max=1000 body=400 Bad Request
2026-02-19 03:50:07 HTTP 400: personnelNo=000-456 start=0 max=1000 body=400 Bad Request
2026-02-19 03:50:07 HTTP 400: personnelNo=000-457 start=0 max=1000 body=400 Bad Request
2026-02-19 03:50:09 HTTP 400: personnelNo=000-458 start=0 max=1000 body=400 Bad Request
2026-02-19 03:50:10 HTTP 400: personnelNo=000-461 start=0 max=1000 body=400 Bad Request
2026-02-19 03:50:10 HTTP 400: personnelNo=000-462 start=0 max=1000 body=400 Bad Request
2026-02-19 03:50:12 HTTP 400: personnelNo=000-464 start=0 max=1000 body=400 Bad Request
2026-02-19 03:50:13 HTTP 400: personnelNo=000-465 start=0 max=1000 body=400 Bad Request
2026-02-19 03:50:14 HTTP 400: personnelNo=000-466 start=0 max=1000 body=400 Bad Request
2026-02-19 03:50:16 HTTP 400: personnelNo=000-467 start=0 max=1000 body=400 Bad Request
2026-02-19 03:50:19 HTTP 400: personnelNo=000-469 start=0 max=1000 body=400 Bad Request
2026-02-19 03:50:20 HTTP 400: personnelNo=000-470 start=0 max=1000 body=400 Bad Request
2026-02-19 03:50:24 HTTP 400: personnelNo=000-471 start=0 max=1000 body=400 Bad Request
2026-02-19 03:50:25 HTTP 400: personnelNo=000-474 start=0 max=1000 body=400 Bad Request
2026-02-19 03:50:28 HTTP 400: personnelNo=000-475 start=0 max=1000 body=400 Bad Request
2026-02-19 03:50:28 HTTP 400: personnelNo=000-476 start=0 max=1000 body=400 Bad Request
2026-02-19 03:50:29 HTTP 400: personnelNo=000-477 start=0 max=1000 body=400 Bad Request
2026-02-19 03:50:30 HTTP 400: personnelNo=000-481 start=0 max=1000 body=400 Bad Request
2026-02-19 03:50:30 HTTP 400: personnelNo=000-485 start=0 max=1000 body=400 Bad Request
2026-02-19 03:50:31 HTTP 400: personnelNo=000-488 start=0 max=1000 body=400 Bad Request
2026-02-19 03:50:33 HTTP 400: personnelNo=000-492 start=0 max=1000 body=400 Bad Request
2026-02-19 03:50:35 HTTP 400: personnelNo=000-493 start=0 max=1000 body=400 Bad Request
2026-02-19 03:50:37 CURL ERROR: SSL read: error:00000000:lib(0):func(0):reason(0), errno 54
2026-02-19 03:50:38 HTTP 400: personnelNo=000-495 start=0 max=1000 body=400 Bad Request
2026-02-19 03:50:39 HTTP 400: personnelNo=000-496 start=0 max=1000 body=400 Bad Request
2026-02-19 03:50:41 HTTP 400: personnelNo=000-497 start=0 max=1000 body=400 Bad Request
2026-02-19 03:50:42 HTTP 400: personnelNo=000-498 start=0 max=1000 body=400 Bad Request
2026-02-19 03:50:42 HTTP 400: personnelNo=000-504 start=0 max=1000 body=400 Bad Request
2026-02-19 03:50:44 HTTP 400: personnelNo=000-505 start=0 max=1000 body=400 Bad Request
2026-02-19 03:50:45 HTTP 400: personnelNo=000-508 start=0 max=1000 body=400 Bad Request
2026-02-19 03:50:45 HTTP 400: personnelNo=000-509 start=0 max=1000 body=400 Bad Request
2026-02-19 03:50:46 HTTP 400: personnelNo=000-511 start=0 max=1000 body=400 Bad Request
2026-02-19 03:50:47 HTTP 400: personnelNo=000-520 start=0 max=1000 body=400 Bad Request
2026-02-19 03:50:49 HTTP 400: personnelNo=000-522 start=0 max=1000 body=400 Bad Request
2026-02-19 03:50:49 HTTP 400: personnelNo=000-524 start=0 max=1000 body=400 Bad Request
2026-02-19 03:50:50 HTTP 400: personnelNo=000-525 start=0 max=1000 body=400 Bad Request
2026-02-19 03:50:51 HTTP 400: personnelNo=000-526 start=0 max=1000 body=400 Bad Request
2026-02-19 03:50:51 HTTP 400: personnelNo=000-529 start=0 max=1000 body=400 Bad Request
2026-02-19 03:50:53 HTTP 400: personnelNo=000-530 start=0 max=1000 body=400 Bad Request
2026-02-19 03:50:55 HTTP 400: personnelNo=000-532 start=0 max=1000 body=400 Bad Request
2026-02-19 03:50:55 HTTP 400: personnelNo=000-536 start=0 max=1000 body=400 Bad Request
2026-02-19 03:50:56 HTTP 400: personnelNo=000-538 start=0 max=1000 body=400 Bad Request
2026-02-19 03:50:59 HTTP 400: personnelNo=000-540 start=0 max=1000 body=400 Bad Request
2026-02-19 03:50:59 HTTP 400: personnelNo=000-541 start=0 max=1000 body=400 Bad Request
2026-02-19 03:51:00 HTTP 400: personnelNo=000-542 start=0 max=1000 body=400 Bad Request
2026-02-19 03:51:01 HTTP 400: personnelNo=000-543 start=0 max=1000 body=400 Bad Request
2026-02-19 03:51:01 HTTP 400: personnelNo=000-544 start=0 max=1000 body=400 Bad Request
2026-02-19 03:51:03 HTTP 400: personnelNo=000-550 start=0 max=1000 body=400 Bad Request
2026-02-19 03:51:04 HTTP 400: personnelNo=000-553 start=0 max=1000 body=400 Bad Request
2026-02-19 03:51:04 HTTP 400: personnelNo=000-547 start=0 max=1000 body=400 Bad Request
2026-02-19 03:51:05 HTTP 400: personnelNo=000-549 start=0 max=1000 body=400 Bad Request
2026-02-19 03:51:06 HTTP 400: personnelNo=000-000 start=0 max=1000 body=400 Bad Request
2026-02-19 03:51:09 HTTP 400: personnelNo=000-357 start=0 max=1000 body=400 Bad Request
2026-02-19 03:51:10 HTTP 400: personnelNo=000-358 start=0 max=1000 body=400 Bad Request
2026-02-19 03:53:32 TEST
2026-02-19 03:53:34 HTTP 400: personnelNo=000-236 start=0 max=1000 body="Bad Request."
2026-02-19 03:53:36 HTTP 400: personnelNo=000-136 start=0 max=1000 body="Bad Request."
2026-02-19 03:53:39 HTTP 400: personnelNo=000-138 start=0 max=1000 body="Bad Request."
2026-02-19 03:53:40 HTTP 400: personnelNo=000-151 start=0 max=1000 body="Bad Request."
2026-02-19 03:53:45 HTTP 400: personnelNo=000-276 start=0 max=1000 body="Bad Request."
2026-02-19 03:53:46 HTTP 400: personnelNo=000-313 start=0 max=1000 body="Bad Request."
2026-02-19 03:53:47 HTTP 400: personnelNo=000-330 start=0 max=1000 body="Bad Request."
2026-02-19 03:53:50 HTTP 400: personnelNo=000-257 start=0 max=1000 body="Bad Request."
2026-02-19 03:53:51 HTTP 400: personnelNo=000-366 start=0 max=1000 body="Bad Request."
2026-02-19 03:53:53 HTTP 400: personnelNo=000-385 start=0 max=1000 body="Bad Request."
2026-02-19 03:53:55 HTTP 400: personnelNo=000-389 start=0 max=1000 body="Bad Request."
2026-02-19 03:53:56 HTTP 400: personnelNo=000-396 start=0 max=1000 body="Bad Request."
2026-02-19 03:54:00 HTTP 400: personnelNo=000-361 start=0 max=1000 body="Bad Request."
2026-02-19 03:54:01 HTTP 400: personnelNo=000-401 start=0 max=1000 body="Bad Request."
2026-02-19 03:54:02 HTTP 400: personnelNo=000-299 start=0 max=1000 body="Bad Request."
2026-02-19 03:54:04 HTTP 400: personnelNo=000-356 start=0 max=1000 body="Bad Request."
2026-02-19 03:54:08 HTTP 400: personnelNo=000-379 start=0 max=1000 body="Bad Request."
2026-02-19 03:54:20 CURL ERROR: Empty reply from server
2026-02-19 03:54:21 HTTP 400: personnelNo=000-392 start=0 max=1000 body="Bad Request."
2026-02-19 03:54:22 HTTP 400: personnelNo=000-433 start=0 max=1000 body="Bad Request."
2026-02-19 03:54:23 HTTP 400: personnelNo=000-340 start=0 max=1000 body="Bad Request."
2026-02-19 03:54:24 HTTP 400: personnelNo=000-273 start=0 max=1000 body="Bad Request."
2026-02-19 03:54:24 HTTP 400: personnelNo=000-252 start=0 max=1000 body="Bad Request."
2026-02-19 03:54:25 HTTP 400: personnelNo=000-295 start=0 max=1000 body="Bad Request."
2026-02-19 03:54:26 HTTP 400: personnelNo=000-279 start=0 max=1000 body="Bad Request."
2026-02-19 03:54:29 CURL ERROR: SSL read: error:00000000:lib(0):func(0):reason(0), errno 54
2026-02-19 03:54:30 HTTP 400: personnelNo=000-463 start=0 max=1000 body="Bad Request."
2026-02-19 03:54:31 HTTP 400: personnelNo=000-012 start=0 max=1000 body="Bad Request."
2026-02-19 03:54:31 HTTP 400: personnelNo=000-165 start=0 max=1000 body="Bad Request."
2026-02-19 03:54:32 HTTP 400: personnelNo=000-170 start=0 max=1000 body="Bad Request."
2026-02-19 03:54:33 HTTP 400: personnelNo=000-210 start=0 max=1000 body="Bad Request."
2026-02-19 03:54:33 HTTP 400: personnelNo=000-216 start=0 max=1000 body="Bad Request."
2026-02-19 03:54:34 HTTP 400: personnelNo=000-247 start=0 max=1000 body="Bad Request."
2026-02-19 03:54:36 HTTP 400: personnelNo=000-248 start=0 max=1000 body="Bad Request."
2026-02-19 03:54:37 HTTP 400: personnelNo=000-259 start=0 max=1000 body="Bad Request."
2026-02-19 03:54:38 HTTP 400: personnelNo=000-264 start=0 max=1000 body="Bad Request."
2026-02-19 03:54:39 HTTP 400: personnelNo=000-277 start=0 max=1000 body="Bad Request."
2026-02-19 03:54:40 HTTP 400: personnelNo=000-286 start=0 max=1000 body="Bad Request."
2026-02-19 03:54:42 HTTP 400: personnelNo=000-288 start=0 max=1000 body="Bad Request."
2026-02-19 03:54:43 HTTP 400: personnelNo=000-289 start=0 max=1000 body="Bad Request."
2026-02-19 03:54:44 HTTP 400: personnelNo=000-294 start=0 max=1000 body="Bad Request."
2026-02-19 03:54:45 HTTP 400: personnelNo=000-314 start=0 max=1000 body="Bad Request."
2026-02-19 03:54:45 HTTP 400: personnelNo=000-321 start=0 max=1000 body="Bad Request."
2026-02-19 03:54:48 HTTP 400: personnelNo=000-322 start=0 max=1000 body="Bad Request."
2026-02-19 03:54:58 CURL ERROR: Empty reply from server
2026-02-19 03:54:58 HTTP 400: personnelNo=000-335 start=0 max=1000 body="Bad Request."
2026-02-19 03:54:59 HTTP 400: personnelNo=000-346 start=0 max=1000 body="Bad Request."
2026-02-19 03:55:00 HTTP 400: personnelNo=000-348 start=0 max=1000 body="Bad Request."
2026-02-19 03:55:01 HTTP 400: personnelNo=000-350 start=0 max=1000 body="Bad Request."
2026-02-19 03:55:02 HTTP 400: personnelNo=000-352 start=0 max=1000 body="Bad Request."
2026-02-19 03:55:02 HTTP 400: personnelNo=000-369 start=0 max=1000 body="Bad Request."
2026-02-19 03:55:03 HTTP 400: personnelNo=000-370 start=0 max=1000 body="Bad Request."
2026-02-19 03:55:04 HTTP 400: personnelNo=000-376 start=0 max=1000 body="Bad Request."
2026-02-19 03:55:06 HTTP 400: personnelNo=000-377 start=0 max=1000 body="Bad Request."
2026-02-19 03:55:06 HTTP 400: personnelNo=000-378 start=0 max=1000 body="Bad Request."
2026-02-19 03:55:07 HTTP 400: personnelNo=000-381 start=0 max=1000 body="Bad Request."
2026-02-19 03:55:07 HTTP 400: personnelNo=000-383 start=0 max=1000 body="Bad Request."
2026-02-19 03:55:08 HTTP 400: personnelNo=000-386 start=0 max=1000 body="Bad Request."
2026-02-19 03:55:09 HTTP 400: personnelNo=000-388 start=0 max=1000 body="Bad Request."
2026-02-19 03:55:09 HTTP 400: personnelNo=000-393 start=0 max=1000 body="Bad Request."
2026-02-19 03:55:10 HTTP 400: personnelNo=000-394 start=0 max=1000 body="Bad Request."
2026-02-19 03:55:10 HTTP 400: personnelNo=000-397 start=0 max=1000 body="Bad Request."
2026-02-19 03:55:11 HTTP 400: personnelNo=000-398 start=0 max=1000 body="Bad Request."
2026-02-19 03:55:12 HTTP 400: personnelNo=000-405 start=0 max=1000 body="Bad Request."
2026-02-19 03:55:13 HTTP 400: personnelNo=000-406 start=0 max=1000 body="Bad Request."
2026-02-19 03:55:13 HTTP 400: personnelNo=000-409 start=0 max=1000 body="Bad Request."
2026-02-19 03:55:14 HTTP 400: personnelNo=000-410 start=0 max=1000 body="Bad Request."
2026-02-19 03:55:15 HTTP 400: personnelNo=000-412 start=0 max=1000 body="Bad Request."
2026-02-19 03:55:16 HTTP 400: personnelNo=000-413 start=0 max=1000 body="Bad Request."
2026-02-19 04:09:56 TEST
2026-02-19 04:09:57 HTTP 400: personnelNo=000-236 start=0 max=1000 body="Bad Request."
2026-02-19 04:09:58 HTTP 400: personnelNo=000-136 start=0 max=1000 body="Bad Request."
2026-02-19 04:10:03 HTTP 400: personnelNo=000-138 start=0 max=1000 body="Bad Request."
2026-02-19 04:10:04 HTTP 400: personnelNo=000-151 start=0 max=1000 body="Bad Request."
2026-02-19 04:10:04 HTTP 400: personnelNo=000-149 start=0 max=1000 body="Bad Request."
2026-02-19 04:10:04 HTTP 400: personnelNo=000-276 start=0 max=1000 body="Bad Request."
2026-02-19 04:10:05 HTTP 400: personnelNo=000-313 start=0 max=1000 body="Bad Request."
2026-02-19 04:10:05 HTTP 400: personnelNo=000-330 start=0 max=1000 body="Bad Request."
2026-02-19 04:10:06 HTTP 400: personnelNo=000-257 start=0 max=1000 body="Bad Request."
2026-02-19 04:10:07 HTTP 400: personnelNo=000-366 start=0 max=1000 body="Bad Request."
2026-02-19 04:10:09 HTTP 400: personnelNo=000-385 start=0 max=1000 body="Bad Request."
2026-02-19 04:10:11 HTTP 400: personnelNo=000-396 start=0 max=1000 body="Bad Request."
2026-02-19 04:10:11 HTTP 400: personnelNo=000-390 start=0 max=1000 body="Bad Request."
2026-02-19 04:10:12 HTTP 400: personnelNo=000-361 start=0 max=1000 body="Bad Request."
2026-02-19 04:10:13 HTTP 400: personnelNo=000-401 start=0 max=1000 body="Bad Request."
2026-02-19 04:10:13 HTTP 400: personnelNo=000-299 start=0 max=1000 body="Bad Request."
2026-02-19 04:10:14 HTTP 400: personnelNo=000-356 start=0 max=1000 body="Bad Request."
2026-02-19 04:10:14 HTTP 400: personnelNo=000-379 start=0 max=1000 body="Bad Request."
2026-02-19 04:10:15 HTTP 400: personnelNo=000-292 start=0 max=1000 body="Bad Request."
2026-02-19 04:10:16 HTTP 400: personnelNo=000-244 start=0 max=1000 body="Bad Request."
2026-02-19 04:10:18 HTTP 400: personnelNo=000-392 start=0 max=1000 body="Bad Request."
2026-02-19 04:10:19 HTTP 400: personnelNo=000-433 start=0 max=1000 body="Bad Request."
2026-02-19 04:10:19 HTTP 400: personnelNo=000-340 start=0 max=1000 body="Bad Request."
2026-02-19 04:10:20 HTTP 400: personnelNo=000-273 start=0 max=1000 body="Bad Request."
2026-02-19 04:10:21 HTTP 400: personnelNo=000-252 start=0 max=1000 body="Bad Request."
2026-02-19 04:10:21 HTTP 400: personnelNo=000-295 start=0 max=1000 body="Bad Request."
2026-02-19 04:10:22 HTTP 400: personnelNo=000-279 start=0 max=1000 body="Bad Request."
2026-02-19 04:10:23 HTTP 400: personnelNo=000-287 start=0 max=1000 body="Bad Request."
2026-02-19 04:10:24 HTTP 400: personnelNo=000-463 start=0 max=1000 body="Bad Request."
2026-02-19 04:10:26 HTTP 400: personnelNo=000-012 start=0 max=1000 body="Bad Request."
2026-02-19 04:10:27 HTTP 400: personnelNo=000-165 start=0 max=1000 body="Bad Request."
2026-02-19 04:10:27 HTTP 400: personnelNo=000-170 start=0 max=1000 body="Bad Request."
2026-02-19 04:10:28 HTTP 400: personnelNo=000-210 start=0 max=1000 body="Bad Request."
2026-02-19 04:10:29 HTTP 400: personnelNo=000-216 start=0 max=1000 body="Bad Request."
2026-02-19 04:10:29 HTTP 400: personnelNo=000-247 start=0 max=1000 body="Bad Request."
2026-02-19 04:10:30 HTTP 400: personnelNo=000-248 start=0 max=1000 body="Bad Request."
2026-02-19 04:10:31 HTTP 400: personnelNo=000-259 start=0 max=1000 body="Bad Request."
2026-02-19 04:10:32 HTTP 400: personnelNo=000-264 start=0 max=1000 body="Bad Request."
2026-02-19 04:10:32 HTTP 400: personnelNo=000-277 start=0 max=1000 body="Bad Request."
2026-02-19 04:10:33 HTTP 400: personnelNo=000-286 start=0 max=1000 body="Bad Request."
2026-02-19 04:10:33 HTTP 400: personnelNo=000-288 start=0 max=1000 body="Bad Request."
2026-02-19 04:10:35 HTTP 400: personnelNo=000-289 start=0 max=1000 body="Bad Request."
2026-02-19 04:10:35 HTTP 400: personnelNo=000-294 start=0 max=1000 body="Bad Request."
2026-02-19 04:10:37 HTTP 400: personnelNo=000-314 start=0 max=1000 body="Bad Request."
2026-02-19 04:10:37 HTTP 400: personnelNo=000-321 start=0 max=1000 body="Bad Request."
2026-02-19 04:10:38 HTTP 400: personnelNo=000-322 start=0 max=1000 body="Bad Request."
2026-02-19 04:10:39 HTTP 400: personnelNo=000-324 start=0 max=1000 body="Bad Request."
2026-02-19 04:10:39 HTTP 400: personnelNo=000-335 start=0 max=1000 body="Bad Request."
2026-02-19 04:10:40 HTTP 400: personnelNo=000-346 start=0 max=1000 body="Bad Request."
2026-02-19 04:10:40 HTTP 400: personnelNo=000-348 start=0 max=1000 body="Bad Request."
2026-02-19 04:22:14 TEST
2026-02-19 04:22:16 HTTP 400: personnelNo=000-236 start=0 max=1000 body="Bad Request."
2026-02-19 04:22:17 HTTP 400: personnelNo=000-136 start=0 max=1000 body="Bad Request."
2026-02-19 04:22:18 HTTP 400: personnelNo=000-138 start=0 max=1000 body="Bad Request."
2026-02-19 04:22:18 HTTP 400: personnelNo=000-151 start=0 max=1000 body="Bad Request."
2026-02-19 04:22:20 HTTP 400: personnelNo=000-149 start=0 max=1000 body="Bad Request."
2026-02-19 04:22:21 HTTP 400: personnelNo=000-276 start=0 max=1000 body="Bad Request."
2026-02-19 04:22:21 HTTP 400: personnelNo=000-313 start=0 max=1000 body="Bad Request."
2026-02-19 04:22:22 HTTP 400: personnelNo=000-330 start=0 max=1000 body="Bad Request."
2026-02-19 04:22:23 HTTP 400: personnelNo=000-257 start=0 max=1000 body="Bad Request."
2026-02-19 04:22:23 HTTP 400: personnelNo=000-366 start=0 max=1000 body="Bad Request."
2026-02-19 04:22:23 HTTP 400: personnelNo=000-385 start=0 max=1000 body="Bad Request."
2026-02-19 04:22:24 HTTP 400: personnelNo=000-389 start=0 max=1000 body="Bad Request."
2026-02-19 04:22:25 HTTP 400: personnelNo=000-396 start=0 max=1000 body="Bad Request."
2026-02-19 04:22:27 HTTP 400: personnelNo=000-390 start=0 max=1000 body="Bad Request."
2026-02-19 04:22:28 HTTP 400: personnelNo=000-361 start=0 max=1000 body="Bad Request."
2026-02-19 04:22:29 HTTP 400: personnelNo=000-401 start=0 max=1000 body="Bad Request."
2026-02-19 04:22:31 HTTP 400: personnelNo=000-299 start=0 max=1000 body="Bad Request."
2026-02-19 04:22:32 HTTP 400: personnelNo=000-356 start=0 max=1000 body="Bad Request."
2026-02-19 04:22:33 HTTP 400: personnelNo=000-379 start=0 max=1000 body="Bad Request."
2026-02-19 04:22:34 HTTP 400: personnelNo=000-292 start=0 max=1000 body="Bad Request."
2026-02-19 04:22:34 HTTP 400: personnelNo=000-244 start=0 max=1000 body="Bad Request."
2026-02-19 04:22:35 HTTP 400: personnelNo=000-392 start=0 max=1000 body="Bad Request."
2026-02-19 04:22:36 HTTP 400: personnelNo=000-433 start=0 max=1000 body="Bad Request."
2026-02-19 04:22:36 HTTP 400: personnelNo=000-340 start=0 max=1000 body="Bad Request."
2026-02-19 04:22:37 HTTP 400: personnelNo=000-273 start=0 max=1000 body="Bad Request."
2026-02-19 04:22:37 HTTP 400: personnelNo=000-252 start=0 max=1000 body="Bad Request."
2026-02-19 04:22:38 HTTP 400: personnelNo=000-295 start=0 max=1000 body="Bad Request."
2026-02-19 04:22:38 HTTP 400: personnelNo=000-279 start=0 max=1000 body="Bad Request."
2026-02-19 04:22:39 HTTP 400: personnelNo=000-287 start=0 max=1000 body="Bad Request."
2026-02-19 04:22:39 HTTP 400: personnelNo=000-463 start=0 max=1000 body="Bad Request."
2026-02-19 04:22:40 HTTP 400: personnelNo=000-012 start=0 max=1000 body="Bad Request."
2026-02-19 04:22:40 HTTP 400: personnelNo=000-165 start=0 max=1000 body="Bad Request."
2026-02-19 04:22:41 HTTP 400: personnelNo=000-170 start=0 max=1000 body="Bad Request."
2026-02-19 04:22:41 HTTP 400: personnelNo=000-210 start=0 max=1000 body="Bad Request."
2026-02-19 04:22:42 HTTP 400: personnelNo=000-216 start=0 max=1000 body="Bad Request."
2026-02-19 04:22:43 HTTP 400: personnelNo=000-247 start=0 max=1000 body="Bad Request."
2026-02-19 04:22:44 HTTP 400: personnelNo=000-248 start=0 max=1000 body="Bad Request."
2026-02-19 04:22:45 HTTP 400: personnelNo=000-259 start=0 max=1000 body="Bad Request."
2026-02-19 04:22:48 HTTP 400: personnelNo=000-264 start=0 max=1000 body="Bad Request."
2026-02-19 04:22:49 HTTP 400: personnelNo=000-277 start=0 max=1000 body="Bad Request."
2026-02-19 04:22:49 HTTP 400: personnelNo=000-286 start=0 max=1000 body="Bad Request."
2026-02-19 04:22:51 HTTP 400: personnelNo=000-288 start=0 max=1000 body="Bad Request."
2026-02-19 04:22:52 HTTP 400: personnelNo=000-289 start=0 max=1000 body="Bad Request."
2026-02-19 04:22:52 HTTP 400: personnelNo=000-294 start=0 max=1000 body="Bad Request."
2026-02-19 04:22:53 HTTP 400: personnelNo=000-314 start=0 max=1000 body="Bad Request."
2026-02-19 04:22:53 HTTP 400: personnelNo=000-321 start=0 max=1000 body="Bad Request."
2026-02-19 04:22:54 HTTP 400: personnelNo=000-322 start=0 max=1000 body="Bad Request."
2026-02-19 04:22:54 HTTP 400: personnelNo=000-324 start=0 max=1000 body="Bad Request."
2026-02-19 04:22:55 HTTP 400: personnelNo=000-335 start=0 max=1000 body="Bad Request."
2026-02-19 04:22:56 HTTP 400: personnelNo=000-346 start=0 max=1000 body="Bad Request."
2026-02-19 04:22:57 CURL ERROR: Unknown SSL protocol error in connection to nonfimbriated-norris-first.ngrok-free.dev:443 
2026-02-19 04:31:21 TEST
2026-02-19 04:31:22 HTTP 400: personnelNo=000-236 start=0 max=1000 body="Bad Request."
2026-02-19 04:31:22 HTTP 400: personnelNo=000-136 start=0 max=1000 body="Bad Request."
2026-02-19 04:31:23 HTTP 400: personnelNo=000-138 start=0 max=1000 body="Bad Request."
2026-02-19 04:31:23 HTTP 400: personnelNo=000-151 start=0 max=1000 body="Bad Request."
2026-02-19 04:31:24 HTTP 400: personnelNo=000-149 start=0 max=1000 body="Bad Request."
2026-02-19 04:31:24 HTTP 400: personnelNo=000-276 start=0 max=1000 body="Bad Request."
2026-02-19 04:31:25 HTTP 400: personnelNo=000-313 start=0 max=1000 body="Bad Request."
2026-02-19 04:31:25 HTTP 400: personnelNo=000-330 start=0 max=1000 body="Bad Request."
2026-02-19 04:31:26 HTTP 400: personnelNo=000-257 start=0 max=1000 body="Bad Request."
2026-02-19 04:31:26 HTTP 400: personnelNo=000-366 start=0 max=1000 body="Bad Request."
2026-02-19 04:31:28 HTTP 400: personnelNo=000-385 start=0 max=1000 body="Bad Request."
2026-02-19 04:31:28 HTTP 400: personnelNo=000-389 start=0 max=1000 body="Bad Request."
2026-02-19 04:31:29 HTTP 400: personnelNo=000-396 start=0 max=1000 body="Bad Request."
2026-02-19 04:31:30 HTTP 400: personnelNo=000-390 start=0 max=1000 body="Bad Request."
2026-02-19 04:31:32 HTTP 400: personnelNo=000-361 start=0 max=1000 body="Bad Request."
2026-02-19 04:31:33 HTTP 400: personnelNo=000-401 start=0 max=1000 body="Bad Request."
2026-02-19 04:31:35 HTTP 400: personnelNo=000-299 start=0 max=1000 body="Bad Request."
2026-02-19 04:31:36 HTTP 400: personnelNo=000-356 start=0 max=1000 body="Bad Request."
2026-02-19 04:31:37 HTTP 400: personnelNo=000-379 start=0 max=1000 body="Bad Request."
2026-02-19 04:31:38 HTTP 400: personnelNo=000-292 start=0 max=1000 body="Bad Request."
2026-02-19 04:31:38 HTTP 400: personnelNo=000-244 start=0 max=1000 body="Bad Request."
2026-02-19 04:31:41 HTTP 400: personnelNo=000-392 start=0 max=1000 body="Bad Request."
2026-02-19 04:31:42 HTTP 400: personnelNo=000-433 start=0 max=1000 body="Bad Request."
2026-02-19 04:31:42 HTTP 400: personnelNo=000-340 start=0 max=1000 body="Bad Request."
2026-02-19 04:31:43 HTTP 400: personnelNo=000-273 start=0 max=1000 body="Bad Request."
2026-02-19 04:31:44 HTTP 400: personnelNo=000-252 start=0 max=1000 body="Bad Request."
2026-02-19 04:31:45 HTTP 400: personnelNo=000-295 start=0 max=1000 body="Bad Request."
2026-02-19 04:31:47 HTTP 400: personnelNo=000-279 start=0 max=1000 body="Bad Request."
2026-02-19 04:31:48 HTTP 400: personnelNo=000-287 start=0 max=1000 body="Bad Request."
2026-02-19 04:31:48 HTTP 400: personnelNo=000-463 start=0 max=1000 body="Bad Request."
2026-02-19 04:31:49 HTTP 400: personnelNo=000-012 start=0 max=1000 body="Bad Request."
2026-02-19 04:31:51 HTTP 400: personnelNo=000-170 start=0 max=1000 body="Bad Request."
2026-02-19 04:31:52 HTTP 400: personnelNo=000-210 start=0 max=1000 body="Bad Request."
2026-02-19 04:31:52 HTTP 400: personnelNo=000-216 start=0 max=1000 body="Bad Request."
2026-02-19 04:31:53 HTTP 400: personnelNo=000-247 start=0 max=1000 body="Bad Request."
2026-02-19 04:31:54 HTTP 400: personnelNo=000-248 start=0 max=1000 body="Bad Request."
2026-02-19 04:31:55 HTTP 400: personnelNo=000-259 start=0 max=1000 body="Bad Request."
2026-02-19 04:31:55 HTTP 400: personnelNo=000-264 start=0 max=1000 body="Bad Request."
2026-02-19 04:31:56 HTTP 400: personnelNo=000-277 start=0 max=1000 body="Bad Request."
2026-02-19 04:31:56 HTTP 400: personnelNo=000-286 start=0 max=1000 body="Bad Request."
2026-02-19 04:31:57 HTTP 400: personnelNo=000-288 start=0 max=1000 body="Bad Request."
2026-02-19 04:31:57 HTTP 400: personnelNo=000-289 start=0 max=1000 body="Bad Request."
2026-02-19 04:31:58 HTTP 400: personnelNo=000-294 start=0 max=1000 body="Bad Request."
2026-02-19 04:31:58 HTTP 400: personnelNo=000-314 start=0 max=1000 body="Bad Request."
2026-02-19 04:31:59 HTTP 400: personnelNo=000-321 start=0 max=1000 body="Bad Request."
2026-02-19 04:31:59 HTTP 400: personnelNo=000-322 start=0 max=1000 body="Bad Request."
2026-02-19 04:32:00 HTTP 400: personnelNo=000-324 start=0 max=1000 body="Bad Request."
2026-02-19 04:32:00 HTTP 400: personnelNo=000-335 start=0 max=1000 body="Bad Request."
2026-02-19 04:32:01 HTTP 400: personnelNo=000-346 start=0 max=1000 body="Bad Request."
2026-02-19 04:32:04 HTTP 400: personnelNo=000-348 start=0 max=1000 body="Bad Request."
2026-02-19 04:53:43 TEST
2026-02-19 04:53:49 CURL ERROR: Empty reply from server
2026-02-19 04:53:58 CURL ERROR: Empty reply from server
2026-02-19 04:54:23 CURL ERROR: Empty reply from server
2026-02-19 04:55:37 CURL ERROR: Empty reply from server
2026-02-19 04:58:02 CURL ERROR: SSL read: error:00000000:lib(0):func(0):reason(0), errno 54
2026-02-19 04:58:09 CURL ERROR: Empty reply from server
2026-02-19 04:58:26 CURL ERROR: SSL read: error:00000000:lib(0):func(0):reason(0), errno 54
2026-02-19 04:59:16 CURL ERROR: Empty reply from server
2026-02-19 04:59:41 CURL ERROR: Empty reply from server
2026-02-19 04:59:52 CURL ERROR: Empty reply from server
2026-02-19 04:59:57 CURL ERROR: Empty reply from server
2026-02-19 05:00:00 CURL ERROR: SSL read: error:00000000:lib(0):func(0):reason(0), errno 54
2026-02-19 05:00:07 CURL ERROR: Empty reply from server
2026-02-19 05:00:33 CURL ERROR: Empty reply from server
2026-02-19 05:00:48 CURL ERROR: Empty reply from server
2026-02-19 05:00:59 CURL ERROR: Empty reply from server
2026-02-19 05:05:50 TEST
2026-02-26 05:13:45 TEST
2026-02-26 05:14:33 CURL ERROR: OpenSSL SSL_connect: SSL_ERROR_SYSCALL in connection to nonfimbriated-norris-first.ngrok-free.dev:443 
